#! /c/Source/iverilog-install/bin/vvp
:ivl_version "12.0 (devel)" "(s20150603-1539-g2693dd32b)";
:ivl_delay_selection "TYPICAL";
:vpi_time_precision - 9;
:vpi_module "E:\iverilog\lib\ivl\system.vpi";
:vpi_module "E:\iverilog\lib\ivl\vhdl_sys.vpi";
:vpi_module "E:\iverilog\lib\ivl\vhdl_textio.vpi";
:vpi_module "E:\iverilog\lib\ivl\v2005_math.vpi";
:vpi_module "E:\iverilog\lib\ivl\va_math.vpi";
S_000001b291dede10 .scope module, "mdio_interface" "mdio_interface" 2 28;
 .timescale -9 -9;
    .port_info 0 /INPUT 1 "sys_clk_100m";
    .port_info 1 /INPUT 1 "sys_rst_n";
    .port_info 2 /INPUT 2 "i_operation";
    .port_info 3 /INPUT 5 "i_phy_addr";
    .port_info 4 /INPUT 5 "i_reg_addr";
    .port_info 5 /INPUT 16 "i_master_write_data";
    .port_info 6 /INPUT 1 "i_operation_begin";
    .port_info 7 /OUTPUT 16 "o_master_read_data";
    .port_info 8 /OUTPUT 1 "o_master_read_data_valid";
    .port_info 9 /OUTPUT 1 "o_operation_finish";
    .port_info 10 /OUTPUT 1 "o_mdio_master_busy";
    .port_info 11 /OUTPUT 1 "o_salve_ack_ready";
    .port_info 12 /OUTPUT 1 "o_mdc";
    .port_info 13 /INOUT 1 "o_mdio";
P_000001b291dc2e40 .param/l "DATA_M_READ_LEN" 1 2 57, C4<00000000000000000000000000101110>;
P_000001b291dc2e78 .param/l "DATA_M_WRITE_LEN" 1 2 58, C4<00000000000000000000000001000000>;
P_000001b291dc2eb0 .param/l "PREAMBLE" 1 2 47, C4<11111111111111111111111111111111>;
P_000001b291dc2ee8 .param/l "ST" 1 2 48, C4<01>;
P_000001b291dc2f20 .param/l "STATE_ACK" 1 2 53, C4<011>;
P_000001b291dc2f58 .param/l "STATE_ACK_DATA" 1 2 54, C4<100>;
P_000001b291dc2f90 .param/l "STATE_DONE" 1 2 55, C4<101>;
P_000001b291dc2fc8 .param/l "STATE_IDLE" 1 2 50, C4<000>;
P_000001b291dc3000 .param/l "STATE_READ" 1 2 52, C4<010>;
P_000001b291dc3038 .param/l "STATE_WRITE" 1 2 51, C4<001>;
L_000001b291e07c80 .functor NOT 1, v000001b291e6f580_0, C4<0>, C4<0>, C4<0>;
L_000001b291e07660 .functor AND 1, v000001b291e1c2a0_0, L_000001b291e07c80, C4<1>, C4<1>;
L_000001b291e07510 .functor NOT 1, v000001b291e1c2a0_0, C4<0>, C4<0>, C4<0>;
L_000001b291e07f20 .functor AND 1, L_000001b291e07510, v000001b291e6f580_0, C4<1>, C4<1>;
L_000001b291e076d0 .functor BUFZ 1, L_000001b291e6fb20, C4<0>, C4<0>, C4<0>;
v000001b291e1c340_0 .net *"_ivl_0", 0 0, L_000001b291e07c80;  1 drivers
v000001b291e1cc00_0 .net *"_ivl_4", 0 0, L_000001b291e07510;  1 drivers
o000001b291e20068 .functor BUFZ 1, C4<z>; HiZ drive
; Elide local net with no drivers, v000001b291e1cf20_0 name=_ivl_8
o000001b291e20098 .functor BUFZ 16, C4<zzzzzzzzzzzzzzzz>; HiZ drive
v000001b291e1ca20_0 .net "i_master_write_data", 15 0, o000001b291e20098;  0 drivers
o000001b291e200c8 .functor BUFZ 2, C4<zz>; HiZ drive
v000001b291e1cde0_0 .net "i_operation", 1 0, o000001b291e200c8;  0 drivers
o000001b291e200f8 .functor BUFZ 1, C4<z>; HiZ drive
v000001b291e1cb60_0 .net "i_operation_begin", 0 0, o000001b291e200f8;  0 drivers
o000001b291e20128 .functor BUFZ 5, C4<zzzzz>; HiZ drive
v000001b291e1ce80_0 .net "i_phy_addr", 4 0, o000001b291e20128;  0 drivers
o000001b291e20158 .functor BUFZ 5, C4<zzzzz>; HiZ drive
v000001b291e1c660_0 .net "i_reg_addr", 4 0, o000001b291e20158;  0 drivers
v000001b291e1c020_0 .var "o_master_read_data", 15 0;
v000001b291e1c3e0_0 .var "o_master_read_data_valid", 0 0;
v000001b291e1c200_0 .var "o_mdc", 0 0;
v000001b291e1c8e0_0 .net "o_mdio", 0 0, L_000001b291e6fb20;  1 drivers
v000001b291e1c840_0 .var "o_mdio_master_busy", 0 0;
v000001b291e1c700_0 .var "o_operation_finish", 0 0;
v000001b291e1c0c0_0 .var "o_salve_ack_ready", 0 0;
v000001b291e1c480_0 .var "r_ack_wait_time", 7 0;
v000001b291e1c520_0 .var "r_byte_rx_num", 7 0;
v000001b291e1cac0_0 .var "r_byte_tx_num", 7 0;
v000001b291e1c7a0_0 .var "r_m_read_instruction", 46 0;
v000001b291e1c980_0 .var "r_m_wirte_instruction", 64 0;
v000001b291e1cca0_0 .net "r_mdio_in", 0 0, L_000001b291e076d0;  1 drivers
v000001b291e1c160_0 .var "r_mdio_out", 0 0;
v000001b291e1c2a0_0 .var "r_operation_begin_0", 0 0;
v000001b291e6f580_0 .var "r_operation_begin_1", 0 0;
v000001b291e6fee0_0 .net "r_operation_begin_n", 0 0, L_000001b291e07f20;  1 drivers
v000001b291e6f8a0_0 .net "r_operation_begin_p", 0 0, L_000001b291e07660;  1 drivers
v000001b291e6f260_0 .var "r_s_ack_data_in", 15 0;
v000001b291e70f20_0 .var "state", 2 0;
o000001b291e20548 .functor BUFZ 1, C4<z>; HiZ drive
v000001b291e6f300_0 .net "sys_clk_100m", 0 0, o000001b291e20548;  0 drivers
o000001b291e20578 .functor BUFZ 1, C4<z>; HiZ drive
v000001b291e6f940_0 .net "sys_rst_n", 0 0, o000001b291e20578;  0 drivers
v000001b291e70020_0 .var "time_ctrl_cnt", 4 0;
E_000001b291de8cc0/0 .event negedge, v000001b291e6f940_0;
E_000001b291de8cc0/1 .event posedge, v000001b291e6f300_0;
E_000001b291de8cc0 .event/or E_000001b291de8cc0/0, E_000001b291de8cc0/1;
L_000001b291e6fb20 .functor MUXZ 1, o000001b291e20068, v000001b291e1c160_0, v000001b291e1c840_0, C4<>;
    .scope S_000001b291dede10;
T_0 ;
    %wait E_000001b291de8cc0;
    %load/vec4 v000001b291e6f940_0;
    %nor/r;
    %flag_set/vec4 8;
    %jmp/0xz  T_0.0, 8;
    %pushi/vec4 0, 0, 1;
    %assign/vec4 v000001b291e1c2a0_0, 0;
    %pushi/vec4 0, 0, 1;
    %assign/vec4 v000001b291e6f580_0, 0;
    %jmp T_0.1;
T_0.0 ;
    %load/vec4 v000001b291e1cb60_0;
    %assign/vec4 v000001b291e1c2a0_0, 0;
    %load/vec4 v000001b291e1c2a0_0;
    %assign/vec4 v000001b291e6f580_0, 0;
T_0.1 ;
    %jmp T_0;
    .thread T_0;
    .scope S_000001b291dede10;
T_1 ;
    %wait E_000001b291de8cc0;
    %load/vec4 v000001b291e6f940_0;
    %nor/r;
    %flag_set/vec4 8;
    %jmp/0xz  T_1.0, 8;
    %pushi/vec4 0, 0, 3;
    %assign/vec4 v000001b291e70f20_0, 0;
    %pushi/vec4 0, 0, 47;
    %assign/vec4 v000001b291e1c7a0_0, 0;
    %pushi/vec4 0, 0, 65;
    %assign/vec4 v000001b291e1c980_0, 0;
    %pushi/vec4 0, 0, 1;
    %assign/vec4 v000001b291e1c840_0, 0;
    %pushi/vec4 0, 0, 16;
    %assign/vec4 v000001b291e1c020_0, 0;
    %pushi/vec4 0, 0, 1;
    %assign/vec4 v000001b291e1c3e0_0, 0;
    %pushi/vec4 0, 0, 1;
    %assign/vec4 v000001b291e1c700_0, 0;
    %jmp T_1.1;
T_1.0 ;
    %load/vec4 v000001b291e70f20_0;
    %dup/vec4;
    %pushi/vec4 0, 0, 3;
    %cmp/u;
    %jmp/1 T_1.2, 6;
    %dup/vec4;
    %pushi/vec4 1, 0, 3;
    %cmp/u;
    %jmp/1 T_1.3, 6;
    %dup/vec4;
    %pushi/vec4 2, 0, 3;
    %cmp/u;
    %jmp/1 T_1.4, 6;
    %dup/vec4;
    %pushi/vec4 3, 0, 3;
    %cmp/u;
    %jmp/1 T_1.5, 6;
    %dup/vec4;
    %pushi/vec4 4, 0, 3;
    %cmp/u;
    %jmp/1 T_1.6, 6;
    %dup/vec4;
    %pushi/vec4 5, 0, 3;
    %cmp/u;
    %jmp/1 T_1.7, 6;
    %pushi/vec4 0, 0, 3;
    %assign/vec4 v000001b291e70f20_0, 0;
    %jmp T_1.9;
T_1.2 ;
    %pushi/vec4 0, 0, 1;
    %assign/vec4 v000001b291e1c840_0, 0;
    %pushi/vec4 0, 0, 47;
    %assign/vec4 v000001b291e1c7a0_0, 0;
    %pushi/vec4 0, 0, 65;
    %assign/vec4 v000001b291e1c980_0, 0;
    %pushi/vec4 0, 0, 1;
    %assign/vec4 v000001b291e1c3e0_0, 0;
    %pushi/vec4 0, 0, 1;
    %assign/vec4 v000001b291e1c700_0, 0;
    %load/vec4 v000001b291e6f8a0_0;
    %flag_set/vec4 9;
    %flag_get/vec4 9;
    %jmp/0 T_1.12, 9;
    %load/vec4 v000001b291e1cde0_0;
    %pushi/vec4 1, 0, 2;
    %cmp/e;
    %flag_get/vec4 4;
    %and;
T_1.12;
    %flag_set/vec4 8;
    %jmp/0xz  T_1.10, 8;
    %pushi/vec4 4294967295, 0, 32;
    %concati/vec4 1, 0, 2;
    %load/vec4 v000001b291e1cde0_0;
    %concat/vec4; draw_concat_vec4
    %load/vec4 v000001b291e1ce80_0;
    %concat/vec4; draw_concat_vec4
    %load/vec4 v000001b291e1c660_0;
    %concat/vec4; draw_concat_vec4
    %concati/vec4 2, 0, 2;
    %load/vec4 v000001b291e1ca20_0;
    %concat/vec4; draw_concat_vec4
    %pad/u 65;
    %assign/vec4 v000001b291e1c980_0, 0;
    %pushi/vec4 1, 0, 1;
    %assign/vec4 v000001b291e1c840_0, 0;
    %pushi/vec4 1, 0, 3;
    %assign/vec4 v000001b291e70f20_0, 0;
    %jmp T_1.11;
T_1.10 ;
    %load/vec4 v000001b291e6f8a0_0;
    %flag_set/vec4 9;
    %flag_get/vec4 9;
    %jmp/0 T_1.15, 9;
    %load/vec4 v000001b291e1cde0_0;
    %pushi/vec4 2, 0, 2;
    %cmp/e;
    %flag_get/vec4 4;
    %and;
T_1.15;
    %flag_set/vec4 8;
    %jmp/0xz  T_1.13, 8;
    %pushi/vec4 4294967295, 0, 32;
    %concati/vec4 1, 0, 2;
    %load/vec4 v000001b291e1cde0_0;
    %concat/vec4; draw_concat_vec4
    %load/vec4 v000001b291e1ce80_0;
    %concat/vec4; draw_concat_vec4
    %load/vec4 v000001b291e1c660_0;
    %concat/vec4; draw_concat_vec4
    %pad/u 47;
    %assign/vec4 v000001b291e1c7a0_0, 0;
    %pushi/vec4 1, 0, 1;
    %assign/vec4 v000001b291e1c840_0, 0;
    %pushi/vec4 2, 0, 3;
    %assign/vec4 v000001b291e70f20_0, 0;
    %jmp T_1.14;
T_1.13 ;
    %load/vec4 v000001b291e70f20_0;
    %assign/vec4 v000001b291e70f20_0, 0;
T_1.14 ;
T_1.11 ;
    %jmp T_1.9;
T_1.3 ;
    %load/vec4 v000001b291e1cac0_0;
    %pad/u 32;
    %cmpi/e 64, 0, 32;
    %flag_get/vec4 4;
    %jmp/0 T_1.18, 4;
    %load/vec4 v000001b291e70020_0;
    %pushi/vec4 9, 0, 5;
    %cmp/e;
    %flag_get/vec4 4;
    %and;
T_1.18;
    %flag_set/vec4 8;
    %jmp/0xz  T_1.16, 8;
    %pushi/vec4 5, 0, 3;
    %assign/vec4 v000001b291e70f20_0, 0;
    %jmp T_1.17;
T_1.16 ;
    %load/vec4 v000001b291e70f20_0;
    %assign/vec4 v000001b291e70f20_0, 0;
T_1.17 ;
    %jmp T_1.9;
T_1.4 ;
    %load/vec4 v000001b291e1cac0_0;
    %pad/u 32;
    %cmpi/e 46, 0, 32;
    %flag_get/vec4 4;
    %jmp/0 T_1.21, 4;
    %load/vec4 v000001b291e70020_0;
    %pushi/vec4 9, 0, 5;
    %cmp/e;
    %flag_get/vec4 4;
    %and;
T_1.21;
    %flag_set/vec4 8;
    %jmp/0xz  T_1.19, 8;
    %pushi/vec4 0, 0, 1;
    %assign/vec4 v000001b291e1c840_0, 0;
    %pushi/vec4 3, 0, 3;
    %assign/vec4 v000001b291e70f20_0, 0;
    %jmp T_1.20;
T_1.19 ;
    %load/vec4 v000001b291e70f20_0;
    %assign/vec4 v000001b291e70f20_0, 0;
T_1.20 ;
    %jmp T_1.9;
T_1.5 ;
    %load/vec4 v000001b291e1c480_0;
    %cmpi/e 50, 0, 8;
    %jmp/0xz  T_1.22, 4;
    %vpi_call 2 137 "$display", "\345\272\224\347\255\224\350\266\205\346\227\266\357\274\214\351\207\215\346\226\260\345\217\221\351\200\201\346\266\210\346\201\257\345\244\264" {0 0 0};
    %pushi/vec4 2, 0, 3;
    %assign/vec4 v000001b291e70f20_0, 0;
    %jmp T_1.23;
T_1.22 ;
    %load/vec4 v000001b291e1c480_0;
    %cmpi/e 100, 0, 8;
    %jmp/0xz  T_1.24, 4;
    %vpi_call 2 141 "$display", "\345\272\224\347\255\224\351\224\231\350\257\257" {0 0 0};
    %pushi/vec4 5, 0, 3;
    %assign/vec4 v000001b291e70f20_0, 0;
    %jmp T_1.25;
T_1.24 ;
    %load/vec4 v000001b291e1c0c0_0;
    %flag_set/vec4 8;
    %jmp/0xz  T_1.26, 8;
    %pushi/vec4 4, 0, 3;
    %assign/vec4 v000001b291e70f20_0, 0;
    %jmp T_1.27;
T_1.26 ;
    %pushi/vec4 3, 0, 3;
    %assign/vec4 v000001b291e70f20_0, 0;
T_1.27 ;
T_1.25 ;
T_1.23 ;
    %jmp T_1.9;
T_1.6 ;
    %load/vec4 v000001b291e1c520_0;
    %cmpi/u 16, 0, 8;
    %flag_or 5, 4; GT is !LE
    %flag_inv 5;
    %flag_get/vec4 5;
    %jmp/0 T_1.30, 5;
    %load/vec4 v000001b291e70020_0;
    %pushi/vec4 19, 0, 5;
    %cmp/e;
    %flag_get/vec4 4;
    %and;
T_1.30;
    %flag_set/vec4 8;
    %jmp/0xz  T_1.28, 8;
    %load/vec4 v000001b291e6f260_0;
    %assign/vec4 v000001b291e1c020_0, 0;
    %pushi/vec4 1, 0, 1;
    %assign/vec4 v000001b291e1c3e0_0, 0;
    %pushi/vec4 5, 0, 3;
    %assign/vec4 v000001b291e70f20_0, 0;
    %jmp T_1.29;
T_1.28 ;
    %load/vec4 v000001b291e70f20_0;
    %assign/vec4 v000001b291e70f20_0, 0;
T_1.29 ;
    %jmp T_1.9;
T_1.7 ;
    %pushi/vec4 1, 0, 1;
    %assign/vec4 v000001b291e1c700_0, 0;
    %pushi/vec4 0, 0, 3;
    %assign/vec4 v000001b291e70f20_0, 0;
    %jmp T_1.9;
T_1.9 ;
    %pop/vec4 1;
T_1.1 ;
    %jmp T_1;
    .thread T_1;
    .scope S_000001b291dede10;
T_2 ;
    %wait E_000001b291de8cc0;
    %load/vec4 v000001b291e6f940_0;
    %nor/r;
    %flag_set/vec4 8;
    %jmp/0xz  T_2.0, 8;
    %pushi/vec4 0, 0, 5;
    %assign/vec4 v000001b291e70020_0, 0;
    %jmp T_2.1;
T_2.0 ;
    %load/vec4 v000001b291e70020_0;
    %cmpi/e 19, 0, 5;
    %jmp/0xz  T_2.2, 4;
    %pushi/vec4 0, 0, 5;
    %assign/vec4 v000001b291e70020_0, 0;
    %jmp T_2.3;
T_2.2 ;
    %load/vec4 v000001b291e70020_0;
    %addi 1, 0, 5;
    %assign/vec4 v000001b291e70020_0, 0;
T_2.3 ;
T_2.1 ;
    %jmp T_2;
    .thread T_2;
    .scope S_000001b291dede10;
T_3 ;
    %wait E_000001b291de8cc0;
    %load/vec4 v000001b291e6f940_0;
    %nor/r;
    %flag_set/vec4 8;
    %jmp/0xz  T_3.0, 8;
    %pushi/vec4 1, 0, 1;
    %assign/vec4 v000001b291e1c200_0, 0;
    %jmp T_3.1;
T_3.0 ;
    %load/vec4 v000001b291e70020_0;
    %cmpi/e 9, 0, 5;
    %jmp/0xz  T_3.2, 4;
    %pushi/vec4 0, 0, 1;
    %assign/vec4 v000001b291e1c200_0, 0;
    %jmp T_3.3;
T_3.2 ;
    %load/vec4 v000001b291e70020_0;
    %cmpi/e 19, 0, 5;
    %jmp/0xz  T_3.4, 4;
    %pushi/vec4 1, 0, 1;
    %assign/vec4 v000001b291e1c200_0, 0;
    %jmp T_3.5;
T_3.4 ;
    %load/vec4 v000001b291e1c200_0;
    %assign/vec4 v000001b291e1c200_0, 0;
T_3.5 ;
T_3.3 ;
T_3.1 ;
    %jmp T_3;
    .thread T_3;
    .scope S_000001b291dede10;
T_4 ;
    %wait E_000001b291de8cc0;
    %load/vec4 v000001b291e6f940_0;
    %nor/r;
    %flag_set/vec4 8;
    %jmp/0xz  T_4.0, 8;
    %pushi/vec4 0, 0, 1;
    %assign/vec4 v000001b291e1c160_0, 0;
    %pushi/vec4 0, 0, 8;
    %assign/vec4 v000001b291e1cac0_0, 0;
    %jmp T_4.1;
T_4.0 ;
    %load/vec4 v000001b291e70f20_0;
    %cmpi/e 0, 0, 3;
    %jmp/0xz  T_4.2, 4;
    %pushi/vec4 0, 1, 1;
    %assign/vec4 v000001b291e1c160_0, 0;
    %pushi/vec4 0, 0, 8;
    %assign/vec4 v000001b291e1cac0_0, 0;
    %jmp T_4.3;
T_4.2 ;
    %load/vec4 v000001b291e70f20_0;
    %cmpi/e 1, 0, 3;
    %flag_get/vec4 4;
    %jmp/0 T_4.7, 4;
    %load/vec4 v000001b291e70020_0;
    %pushi/vec4 9, 0, 5;
    %cmp/e;
    %flag_get/vec4 4;
    %and;
T_4.7;
    %flag_set/vec4 9;
    %flag_get/vec4 9;
    %jmp/0 T_4.6, 9;
    %load/vec4 v000001b291e1cac0_0;
    %pad/u 32;
    %cmpi/u 64, 0, 32;
    %flag_get/vec4 5;
    %and;
T_4.6;
    %flag_set/vec4 8;
    %jmp/0xz  T_4.4, 8;
    %load/vec4 v000001b291e1c980_0;
    %pushi/vec4 64, 0, 32;
    %load/vec4 v000001b291e1cac0_0;
    %pad/u 32;
    %sub;
    %subi 1, 0, 32;
    %part/u 1;
    %assign/vec4 v000001b291e1c160_0, 0;
    %load/vec4 v000001b291e1cac0_0;
    %addi 1, 0, 8;
    %assign/vec4 v000001b291e1cac0_0, 0;
    %jmp T_4.5;
T_4.4 ;
    %load/vec4 v000001b291e70f20_0;
    %cmpi/e 2, 0, 3;
    %flag_get/vec4 4;
    %jmp/0 T_4.11, 4;
    %load/vec4 v000001b291e70020_0;
    %pushi/vec4 9, 0, 5;
    %cmp/e;
    %flag_get/vec4 4;
    %and;
T_4.11;
    %flag_set/vec4 9;
    %flag_get/vec4 9;
    %jmp/0 T_4.10, 9;
    %load/vec4 v000001b291e1cac0_0;
    %pad/u 32;
    %cmpi/u 46, 0, 32;
    %flag_get/vec4 5;
    %and;
T_4.10;
    %flag_set/vec4 8;
    %jmp/0xz  T_4.8, 8;
    %load/vec4 v000001b291e1c7a0_0;
    %pushi/vec4 46, 0, 32;
    %load/vec4 v000001b291e1cac0_0;
    %pad/u 32;
    %sub;
    %subi 1, 0, 32;
    %part/u 1;
    %assign/vec4 v000001b291e1c160_0, 0;
    %load/vec4 v000001b291e1cac0_0;
    %addi 1, 0, 8;
    %assign/vec4 v000001b291e1cac0_0, 0;
    %jmp T_4.9;
T_4.8 ;
    %load/vec4 v000001b291e1c160_0;
    %assign/vec4 v000001b291e1c160_0, 0;
    %load/vec4 v000001b291e1cac0_0;
    %assign/vec4 v000001b291e1cac0_0, 0;
T_4.9 ;
T_4.5 ;
T_4.3 ;
T_4.1 ;
    %jmp T_4;
    .thread T_4;
    .scope S_000001b291dede10;
T_5 ;
    %wait E_000001b291de8cc0;
    %load/vec4 v000001b291e6f940_0;
    %nor/r;
    %flag_set/vec4 8;
    %jmp/0xz  T_5.0, 8;
    %pushi/vec4 0, 0, 8;
    %assign/vec4 v000001b291e1c480_0, 0;
    %jmp T_5.1;
T_5.0 ;
    %load/vec4 v000001b291e70f20_0;
    %cmpi/e 0, 0, 3;
    %jmp/0xz  T_5.2, 4;
    %pushi/vec4 0, 0, 8;
    %assign/vec4 v000001b291e1c480_0, 0;
    %jmp T_5.3;
T_5.2 ;
    %load/vec4 v000001b291e70f20_0;
    %cmpi/e 3, 0, 3;
    %jmp/0xz  T_5.4, 4;
    %load/vec4 v000001b291e1c480_0;
    %addi 1, 0, 8;
    %assign/vec4 v000001b291e1c480_0, 0;
    %jmp T_5.5;
T_5.4 ;
    %load/vec4 v000001b291e1c480_0;
    %assign/vec4 v000001b291e1c480_0, 0;
T_5.5 ;
T_5.3 ;
T_5.1 ;
    %jmp T_5;
    .thread T_5;
    .scope S_000001b291dede10;
T_6 ;
    %wait E_000001b291de8cc0;
    %load/vec4 v000001b291e6f940_0;
    %nor/r;
    %flag_set/vec4 8;
    %jmp/0xz  T_6.0, 8;
    %pushi/vec4 0, 0, 1;
    %assign/vec4 v000001b291e1c0c0_0, 0;
    %jmp T_6.1;
T_6.0 ;
    %load/vec4 v000001b291e70f20_0;
    %cmpi/e 3, 0, 3;
    %flag_get/vec4 4;
    %jmp/0 T_6.6, 4;
    %load/vec4 v000001b291e70020_0;
    %pushi/vec4 19, 0, 5;
    %cmp/e;
    %flag_get/vec4 4;
    %and;
T_6.6;
    %flag_set/vec4 10;
    %flag_get/vec4 10;
    %jmp/0 T_6.5, 10;
    %load/vec4 v000001b291e1cca0_0;
    %pushi/vec4 0, 0, 1;
    %cmp/e;
    %flag_get/vec4 4;
    %and;
T_6.5;
    %flag_set/vec4 9;
    %flag_get/vec4 9;
    %jmp/0 T_6.4, 9;
    %load/vec4 v000001b291e1c480_0;
    %cmpi/u 50, 0, 8;
    %flag_get/vec4 5;
    %and;
T_6.4;
    %flag_set/vec4 8;
    %jmp/0xz  T_6.2, 8;
    %pushi/vec4 1, 0, 1;
    %assign/vec4 v000001b291e1c0c0_0, 0;
    %jmp T_6.3;
T_6.2 ;
    %pushi/vec4 0, 0, 1;
    %assign/vec4 v000001b291e1c0c0_0, 0;
T_6.3 ;
T_6.1 ;
    %jmp T_6;
    .thread T_6;
    .scope S_000001b291dede10;
T_7 ;
    %wait E_000001b291de8cc0;
    %load/vec4 v000001b291e6f940_0;
    %nor/r;
    %flag_set/vec4 8;
    %jmp/0xz  T_7.0, 8;
    %pushi/vec4 0, 0, 16;
    %assign/vec4 v000001b291e6f260_0, 0;
    %pushi/vec4 0, 0, 8;
    %assign/vec4 v000001b291e1c520_0, 0;
    %jmp T_7.1;
T_7.0 ;
    %load/vec4 v000001b291e70f20_0;
    %cmpi/e 4, 0, 3;
    %flag_get/vec4 4;
    %jmp/0 T_7.5, 4;
    %load/vec4 v000001b291e70020_0;
    %pushi/vec4 19, 0, 5;
    %cmp/e;
    %flag_get/vec4 4;
    %and;
T_7.5;
    %flag_set/vec4 9;
    %flag_get/vec4 9;
    %jmp/0 T_7.4, 9;
    %load/vec4 v000001b291e1c520_0;
    %cmpi/u 16, 0, 8;
    %flag_get/vec4 4;
    %flag_get/vec4 5;
    %or;
    %and;
T_7.4;
    %flag_set/vec4 8;
    %jmp/0xz  T_7.2, 8;
    %load/vec4 v000001b291e1cca0_0;
    %ix/load 5, 0, 0;
    %load/vec4 v000001b291e1c520_0;
    %pad/u 32;
    %subi 1, 0, 32;
    %ix/vec4 4;
    %assign/vec4/off/d v000001b291e6f260_0, 4, 5;
    %load/vec4 v000001b291e1c520_0;
    %addi 1, 0, 8;
    %assign/vec4 v000001b291e1c520_0, 0;
    %jmp T_7.3;
T_7.2 ;
    %load/vec4 v000001b291e6f260_0;
    %assign/vec4 v000001b291e6f260_0, 0;
    %load/vec4 v000001b291e1c520_0;
    %assign/vec4 v000001b291e1c520_0, 0;
T_7.3 ;
T_7.1 ;
    %jmp T_7;
    .thread T_7;
# The file index is used to find the file name in the following table.
:file_names 3;
    "N/A";
    "<interactive>";
    "mdio_interface.v";
